<?xml version="1.0" encoding="UTF-8"?>
<testsuite name="com.getcapacitor.util.HostMaskTest" tests="7" skipped="0" failures="0" errors="0" timestamp="2020-06-21T00:07:38" hostname="MacaqueProfessional.local" time="0.004">
  <properties/>
  <testcase name="testAny" classname="com.getcapacitor.util.HostMaskTest" time="0.001"/>
  <testcase name="testUtil" classname="com.getcapacitor.util.HostMaskTest" time="0.0"/>
  <testcase name="test192168ForLocalTestingSakes" classname="com.getcapacitor.util.HostMaskTest" time="0.0"/>
  <testcase name="testParser" classname="com.getcapacitor.util.HostMaskTest" time="0.001"/>
  <testcase name="testSimple" classname="com.getcapacitor.util.HostMaskTest" time="0.0"/>
  <testcase name="testSimpleExample1" classname="com.getcapacitor.util.HostMaskTest" time="0.0"/>
  <testcase name="testSimpleExample2" classname="com.getcapacitor.util.HostMaskTest" time="0.0"/>
  <system-out><![CDATA[]]></system-out>
  <system-err><![CDATA[]]></system-err>
</testsuite>
